<?xml version="1.0" encoding="UTF-8"?>
<!-- Generated by org.testng.reporters.JUnitReportReporter -->
<testsuite hostname="ASYMY1-WIBO001N" name="test.sarwo.AppTester" tests="1" failures="0" timestamp="29 Oct 2016 13:47:42 GMT" time="0.765" errors="0">
  <testcase name="testApp" time="0.765" classname="test.sarwo.AppTester"/>
</testsuite> <!-- test.sarwo.AppTester -->
